<?xml version="1.0" encoding="UTF-8"?>
<!-- Generated by org.testng.reporters.JUnitReportReporter -->
<testsuite skipped="0" hostname="DESKTOP-AA4AD8I" name="suiteD.TestD2" tests="1" failures="0" timestamp="24 Nov 2019 17:37:59 GMT" time="5.000" errors="0">
  <testcase name="testD2" time="5.000" classname="suiteD.TestD2"/>
</testsuite> <!-- suiteD.TestD2 -->
