<?xml version="1.0" encoding="UTF-8"?>
<!-- Generated by org.testng.reporters.JUnitReportReporter -->
<testsuite skipped="0" hostname="DESKTOP-27L8JE7" name="com.project.NovemberNewWeekendBatch.CheckBox1" tests="1" failures="0" timestamp="2019-11-30T21:20:14 IST" time="18.066" errors="0">
  <testcase name="checkboxTest" time="18.066" classname="com.project.NovemberNewWeekendBatch.CheckBox1"/>
</testsuite> <!-- com.project.NovemberNewWeekendBatch.CheckBox1 -->
