<?xml version="1.0" encoding="UTF-8"?>
<!-- Generated by org.testng.reporters.JUnitReportReporter -->
<testsuite skipped="0" hostname="DESKTOP-27L8JE7" name="com.project.NovemberNewWeekendBatch.RadioButton1" tests="1" failures="0" timestamp="2019-11-30T21:20:14 IST" time="17.081" errors="0">
  <testcase name="RadioButtonTest" time="17.081" classname="com.project.NovemberNewWeekendBatch.RadioButton1"/>
</testsuite> <!-- com.project.NovemberNewWeekendBatch.RadioButton1 -->
