<?xml version="1.0" encoding="UTF-8"?>
<!-- Generated by org.testng.reporters.JUnitReportReporter -->
<testsuite skipped="0" hostname="DESKTOP-27L8JE7" name="alerts.AlertHandling" tests="1" failures="0" timestamp="2019-12-01T21:24:53 IST" time="18.226" errors="0">
  <testcase name="f" time="18.226" classname="alerts.AlertHandling"/>
</testsuite> <!-- alerts.AlertHandling -->
