<?xml version="1.0" encoding="UTF-8"?>
<!-- Generated by org.testng.reporters.JUnitReportReporter -->
<testsuite skipped="1" hostname="DESKTOP-AA4AD8I" name="com.project.NovemberNewWeekendBatch.TC_006" tests="3" failures="0" timestamp="24 Nov 2019 16:28:25 GMT" time="0.013" errors="0">
  <testcase name="a" time="0.010" classname="com.project.NovemberNewWeekendBatch.TC_006"/>
  <testcase name="f" time="0.003" classname="com.project.NovemberNewWeekendBatch.TC_006"/>
  <testcase name="z" classname="com.project.NovemberNewWeekendBatch.TC_006">
    <skipped/>
  </testcase> <!-- z -->
</testsuite> <!-- com.project.NovemberNewWeekendBatch.TC_006 -->
