<?xml version="1.0" encoding="UTF-8"?>
<!-- Generated by org.testng.reporters.JUnitReportReporter -->
<testsuite skipped="6" hostname="DESKTOP-27L8JE7" name="mouseOperations.MouseOperations" tests="7" failures="0" timestamp="2019-12-07T22:57:02 IST" time="20.948" errors="0">
  <testcase name="autoSuggestion" time="20.948" classname="mouseOperations.MouseOperations"/>
  <testcase name="MoveToelement" classname="mouseOperations.MouseOperations">
    <skipped/>
  </testcase> <!-- MoveToelement -->
  <testcase name="dragAnddrop" classname="mouseOperations.MouseOperations">
    <skipped/>
  </testcase> <!-- dragAnddrop -->
  <testcase name="rightClickMethod" classname="mouseOperations.MouseOperations">
    <skipped/>
  </testcase> <!-- rightClickMethod -->
  <testcase name="resizeMethod" classname="mouseOperations.MouseOperations">
    <skipped/>
  </testcase> <!-- resizeMethod -->
  <testcase name="slider" classname="mouseOperations.MouseOperations">
    <skipped/>
  </testcase> <!-- slider -->
  <testcase name="Browserslider" classname="mouseOperations.MouseOperations">
    <skipped/>
  </testcase> <!-- Browserslider -->
</testsuite> <!-- mouseOperations.MouseOperations -->
