<?xml version="1.0" encoding="UTF-8"?>
<!-- Generated by org.testng.reporters.JUnitReportReporter -->
<testsuite skipped="0" hostname="DESKTOP-27L8JE7" name="com.project.NovemberNewWeekendBatch.LinksTesting1" tests="1" failures="0" timestamp="2019-11-30T21:20:14 IST" time="15.240" errors="0">
  <testcase name="linktesting1" time="15.240" classname="com.project.NovemberNewWeekendBatch.LinksTesting1"/>
</testsuite> <!-- com.project.NovemberNewWeekendBatch.LinksTesting1 -->
