<?xml version="1.0" encoding="UTF-8"?>
<!-- Generated by org.testng.reporters.JUnitReportReporter -->
<testsuite skipped="0" hostname="DESKTOP-AA4AD8I" name="com.project.NovemberNewWeekendBatch.TC_005" tests="1" failures="0" timestamp="24 Nov 2019 16:14:10 GMT" time="0.016" errors="0">
  <testcase name="f" time="0.016" classname="com.project.NovemberNewWeekendBatch.TC_005"/>
</testsuite> <!-- com.project.NovemberNewWeekendBatch.TC_005 -->
